[INFO  - 2016-09-21T13:35:44.385Z] GhostDriver - Main - running on port 8287
[INFO  - 2016-09-21T13:36:56.072Z] GhostDriver - Main - running on port 1551
[INFO  - 2016-09-21T13:36:57.696Z] Session [77a05390-8000-11e6-8f16-a16a1f385b88] - page.settings - {"XSSAuditingEnabled":false,"javascriptCanCloseWindows":true,"javascriptCanOpenWindows":true,"javascriptEnabled":true,"loadImages":true,"localToRemoteUrlAccessEnabled":false,"userAgent":"Mozilla/5.0 (Windows NT 6.1) AppleWebKit/538.1 (KHTML, like Gecko) PhantomJS/2.1.1 Safari/538.1","webSecurityEnabled":true}
[INFO  - 2016-09-21T13:36:57.696Z] Session [77a05390-8000-11e6-8f16-a16a1f385b88] - page.customHeaders:  - {}
[INFO  - 2016-09-21T13:36:57.699Z] Session [77a05390-8000-11e6-8f16-a16a1f385b88] - Session.negotiatedCapabilities - {"browserName":"phantomjs","version":"2.1.1","driverName":"ghostdriver","driverVersion":"1.2.0","platform":"windows-7-32bit","javascriptEnabled":true,"takesScreenshot":true,"handlesAlerts":false,"databaseEnabled":false,"locationContextEnabled":false,"applicationCacheEnabled":false,"browserConnectionEnabled":false,"cssSelectorsEnabled":true,"webStorageEnabled":false,"rotatable":false,"acceptSslCerts":false,"nativeEvents":true,"proxy":{"proxyType":"direct"}}
[INFO  - 2016-09-21T13:36:57.700Z] SessionManagerReqHand - _postNewSessionCommand - New Session Created: 77a05390-8000-11e6-8f16-a16a1f385b88
[ERROR - 2016-09-21T13:37:02.377Z] WebElementLocator - _handleLocateCommand - Element(s) NOT Found: GAVE UP. Search Stop Time: 1474465022310
[INFO  - 2016-09-21T18:09:46.465Z] SessionManagerReqHand - _cleanupWindowlessSessions - Asynchronous Sessions clean-up phase starting NOW
[INFO  - 2016-09-21T18:09:37.182Z] SessionManagerReqHand - _cleanupWindowlessSessions - Deleted Session '77a05390-8000-11e6-8f16-a16a1f385b88', because windowless
Images":true,"localToRemoteUrlAccessEnabled":false,"userAgent":"Mozilla/5.0 (Windows NT 6.1) AppleWebKit/538.1 (KHTML, like Gecko) PhantomJS/2.1.1 Safari/538.1","webSecurityEnabled":true}
[INFO  - 2016-09-21T13:39:40.914Z] Session [d8e991c0-8000-11e6-b16d-93d6345a19a8] - page.customHeaders:  - {}
[INFO  - 2016-09-21T13:39:40.915Z] Session [d8e991c0-8000-11e6-b16d-93d6345a19a8] - Session.negotiatedCapabilities - {"browserName":"phantomjs","version":"2.1.1","driverName":"ghostdriver","driverVersion":"1.2.0","platform":"windows-7-32bit","javascriptEnabled":true,"takesScreenshot":true,"handlesAlerts":false,"databaseEnabled":false,"locationContextEnabled":false,"applicationCacheEnabled":false,"browserConnectionEnabled":false,"cssSelectorsEnabled":true,"webStorageEnabled":false,"rotatable":false,"acceptSslCerts":false,"nativeEvents":true,"proxy":{"proxyType":"direct"}}
[INFO  - 2016-09-21T13:39:40.915Z] SessionManagerReqHand - _postNewSessionCommand - New Session Created: d8e991c0-8000-11e6-b16d-93d6345a19a8
[ERROR - 2016-09-21T13:39:44.539Z] WebElementLocator - _handleLocateCommand - Element(s) NOT Found: GAVE UP. Search Stop Time: 1474465184478
[INFO  - 2016-09-21T18:09:46.461Z] SessionManagerReqHand - _cleanupWindowlessSessions - Asynchronous Sessions clean-up phase starting NOW
[INFO  - 2016-09-21T18:09:37.172Z] SessionManagerReqHand - _cleanupWindowlessSessions - Deleted Session 'd8e991c0-8000-11e6-b16d-93d6345a19a8', because windowless
[INFO  - 2016-09-21T18:57:28.177Z] GhostDriver - Main - running on port 12351
[INFO  - 2016-09-21T18:57:31.280Z] Session [3fbc7da0-802d-11e6-b481-4f409e80ac9e] - page.settings - {"XSSAuditingEnabled":false,"javascriptCanCloseWindows":true,"javascriptCanOpenWindows":true,"javascriptEnabled":true,"loadImages":true,"localToRemoteUrlAccessEnabled":false,"userAgent":"Mozilla/5.0 (Windows NT 6.1) AppleWebKit/538.1 (KHTML, like Gecko) PhantomJS/2.1.1 Safari/538.1","webSecurityEnabled":true}
[INFO  - 2016-09-21T18:57:31.281Z] Session [3fbc7da0-802d-11e6-b481-4f409e80ac9e] - page.customHeaders:  - {}
[INFO  - 2016-09-21T18:57:31.281Z] Session [3fbc7da0-802d-11e6-b481-4f409e80ac9e] - Session.negotiatedCapabilities - {"browserName":"phantomjs","version":"2.1.1","driverName":"ghostdriver","driverVersion":"1.2.0","platform":"windows-7-32bit","javascriptEnabled":true,"takesScreenshot":true,"handlesAlerts":false,"databaseEnabled":false,"locationContextEnabled":false,"applicationCacheEnabled":false,"browserConnectionEnabled":false,"cssSelectorsEnabled":true,"webStorageEnabled":false,"rotatable":false,"acceptSslCerts":false,"nativeEvents":true,"proxy":{"proxyType":"direct"}}
[INFO  - 2016-09-21T18:57:31.282Z] SessionManagerReqHand - _postNewSessionCommand - New Session Created: 3fbc7da0-802d-11e6-b481-4f409e80ac9e
[ERROR - 2016-09-21T18:57:37.375Z] WebElementLocator - _handleLocateCommand - Element(s) NOT Found: GAVE UP. Search Stop Time: 1474484257309
[INFO  - 2016-09-21T19:02:28.129Z] SessionManagerReqHand - _cleanupWindowlessSessions - Asynchronous Sessions clean-up phase starting NOW
[INFO  - 2016-09-21T19:02:28.131Z] SessionManagerReqHand - _cleanupWindowlessSessions - Deleted Session '3fbc7da0-802d-11e6-b481-4f409e80ac9e', because windowless
mages":true,"localToRemoteUrlAccessEnabled":false,"userAgent":"Mozilla/5.0 (Windows NT 6.1) AppleWebKit/538.1 (KHTML, like Gecko) PhantomJS/2.1.1 Safari/538.1","webSecurityEnabled":true}
[INFO  - 2016-09-21T19:00:58.615Z] Session [bb521060-802d-11e6-a6fd-e74e9056da0f] - page.customHeaders:  - {}
[INFO  - 2016-09-21T19:00:58.616Z] Session [bb521060-802d-11e6-a6fd-e74e9056da0f] - Session.negotiatedCapabilities - {"browserName":"phantomjs","version":"2.1.1","driverName":"ghostdriver","driverVersion":"1.2.0","platform":"windows-7-32bit","javascriptEnabled":true,"takesScreenshot":true,"handlesAlerts":false,"databaseEnabled":false,"locationContextEnabled":false,"applicationCacheEnabled":false,"browserConnectionEnabled":false,"cssSelectorsEnabled":true,"webStorageEnabled":false,"rotatable":false,"acceptSslCerts":false,"nativeEvents":true,"proxy":{"proxyType":"direct"}}
[INFO  - 2016-09-21T19:00:58.617Z] SessionManagerReqHand - _postNewSessionCommand - New Session Created: bb521060-802d-11e6-a6fd-e74e9056da0f
[INFO  - 2016-09-21T19:05:57.503Z] SessionManagerReqHand - _cleanupWindowlessSessions - Asynchronous Sessions clean-up phase starting NOW
[INFO  - 2016-09-21T19:05:57.505Z] SessionManagerReqHand - _cleanupWindowlessSessions - Deleted Session 'bb521060-802d-11e6-a6fd-e74e9056da0f', because windowless
[INFO  - 2016-09-23T08:06:46.609Z] GhostDriver - Main - running on port 25333
[INFO  - 2016-09-23T08:06:49.039Z] Session [ad92a380-8164-11e6-bab9-8dc8998392ba] - page.settings - {"XSSAuditingEnabled":false,"javascriptCanCloseWindows":true,"javascriptCanOpenWindows":true,"javascriptEnabled":true,"loadImages":true,"localToRemoteUrlAccessEnabled":false,"userAgent":"Mozilla/5.0 (Windows NT 6.1) AppleWebKit/538.1 (KHTML, like Gecko) PhantomJS/2.1.1 Safari/538.1","webSecurityEnabled":true}
[INFO  - 2016-09-23T08:06:49.040Z] Session [ad92a380-8164-11e6-bab9-8dc8998392ba] - page.customHeaders:  - {}
[INFO  - 2016-09-23T08:06:49.041Z] Session [ad92a380-8164-11e6-bab9-8dc8998392ba] - Session.negotiatedCapabilities - {"browserName":"phantomjs","version":"2.1.1","driverName":"ghostdriver","driverVersion":"1.2.0","platform":"windows-7-32bit","javascriptEnabled":true,"takesScreenshot":true,"handlesAlerts":false,"databaseEnabled":false,"locationContextEnabled":false,"applicationCacheEnabled":false,"browserConnectionEnabled":false,"cssSelectorsEnabled":true,"webStorageEnabled":false,"rotatable":false,"acceptSslCerts":false,"nativeEvents":true,"proxy":{"proxyType":"direct"}}
[INFO  - 2016-09-23T08:06:49.041Z] SessionManagerReqHand - _postNewSessionCommand - New Session Created: ad92a380-8164-11e6-bab9-8dc8998392ba
[INFO  - 2016-09-23T08:11:46.586Z] SessionManagerReqHand - _cleanupWindowlessSessions - Asynchronous Sessions clean-up phase starting NOW
[INFO  - 2016-09-23T08:11:46.587Z] SessionManagerReqHand - _cleanupWindowlessSessions - Deleted Session 'ad92a380-8164-11e6-bab9-8dc8998392ba', because windowless
[INFO  - 2016-09-23T11:36:18.520Z] GhostDriver - Main - running on port 49001
[INFO  - 2016-09-23T11:36:19.226Z] Session [f1fd1c40-8181-11e6-aa8d-4fae1aa06ab9] - page.settings - {"XSSAuditingEnabled":false,"javascriptCanCloseWindows":true,"javascriptCanOpenWindows":true,"javascriptEnabled":true,"loadImages":true,"localToRemoteUrlAccessEnabled":false,"userAgent":"Mozilla/5.0 (Windows NT 6.1) AppleWebKit/538.1 (KHTML, like Gecko) PhantomJS/2.1.1 Safari/538.1","webSecurityEnabled":true}
[INFO  - 2016-09-23T11:36:19.227Z] Session [f1fd1c40-8181-11e6-aa8d-4fae1aa06ab9] - page.customHeaders:  - {}
[INFO  - 2016-09-23T11:36:19.227Z] Session [f1fd1c40-8181-11e6-aa8d-4fae1aa06ab9] - Session.negotiatedCapabilities - {"browserName":"phantomjs","version":"2.1.1","driverName":"ghostdriver","driverVersion":"1.2.0","platform":"windows-7-32bit","javascriptEnabled":true,"takesScreenshot":true,"handlesAlerts":false,"databaseEnabled":false,"locationContextEnabled":false,"applicationCacheEnabled":false,"browserConnectionEnabled":false,"cssSelectorsEnabled":true,"webStorageEnabled":false,"rotatable":false,"acceptSslCerts":false,"nativeEvents":true,"proxy":{"proxyType":"direct"}}
[INFO  - 2016-09-23T11:36:19.228Z] SessionManagerReqHand - _postNewSessionCommand - New Session Created: f1fd1c40-8181-11e6-aa8d-4fae1aa06ab9
[INFO  - 2016-09-23T11:41:18.598Z] SessionManagerReqHand - _cleanupWindowlessSessions - Asynchronous Sessions clean-up phase starting NOW
[INFO  - 2016-09-23T11:41:18.600Z] SessionManagerReqHand - _cleanupWindowlessSessions - Deleted Session 'f1fd1c40-8181-11e6-aa8d-4fae1aa06ab9', because windowless
